<?xml version="1.0" encoding="UTF-8"?>
<testng-results skipped="0" failed="0" total="1" passed="1">
  <reporter-output>
  </reporter-output>
  <suite name="Suite" duration-ms="10549" started-at="2019-03-18T01:13:54Z" finished-at="2019-03-18T01:14:04Z">
    <groups>
    </groups>
    <test name="Test" duration-ms="10549" started-at="2019-03-18T01:13:54Z" finished-at="2019-03-18T01:14:04Z">
      <class name="selenps.openbaidu">
        <test-method status="PASS" signature="open()[pri:0, instance:selenps.openbaidu@387c703b]" name="open" duration-ms="10527" started-at="2019-03-18T09:13:54Z" finished-at="2019-03-18T09:14:04Z">
          <reporter-output>
          </reporter-output>
        </test-method> <!-- open -->
      </class> <!-- selenps.openbaidu -->
    </test> <!-- Test -->
  </suite> <!-- Suite -->
</testng-results>
